[19:58:41] [ServerMain/INFO]: [bootstrap] Running Java 21 (OpenJDK 64-Bit Server VM 21.0.6+7-Ubuntu-120.04.1; Ubuntu null) on Linux 6.8.0-1021-azure (amd64)
[19:58:41] [ServerMain/INFO]: [bootstrap] Loading Paper 1.21-130-master@b1b5d4c (2024-08-10T10:02:42Z) for Minecraft 1.21
[19:58:41] [ServerMain/INFO]: [PluginInitializerManager] Initializing plugins...
[19:58:41] [ServerMain/INFO]: [PluginInitializerManager] Initialized 0 plugins
[19:58:45] [ServerMain/INFO]: Environment: Environment[sessionHost=https://sessionserver.mojang.com, servicesHost=https://api.minecraftservices.com, name=PROD]
[19:58:47] [ServerMain/INFO]: Loaded 1290 recipes
[19:58:48] [ServerMain/INFO]: Loaded 1399 advancements
[19:58:48] [Server thread/INFO]: Starting minecraft server version 1.21
[19:58:48] [Server thread/INFO]: Loading properties
[19:58:48] [Server thread/INFO]: This server is running Paper version 1.21-130-master@b1b5d4c (2024-08-10T10:02:42Z) (Implementing API version 1.21-R0.1-SNAPSHOT)
[19:58:49] [Server thread/INFO]: [spark] This server bundles the spark profiler. For more information please visit https://docs.papermc.io/paper/profiling
[19:58:49] [Server thread/INFO]: Server Ping Player Sample Count: 12
[19:58:49] [Server thread/INFO]: Using 4 threads for Netty based IO
[19:58:49] [Server thread/INFO]: [ChunkTaskScheduler] Chunk system is using 1 I/O threads, 1 worker threads, and population gen parallelism of 1 threads
[19:58:50] [Server thread/INFO]: Default game type: SURVIVAL
[19:58:50] [Server thread/INFO]: Generating keypair
[19:58:50] [Server thread/INFO]: Starting Minecraft server on *:25565
[19:58:50] [Server thread/INFO]: Using epoll channel type
[19:58:50] [Server thread/INFO]: Paper: Using libdeflate (Linux x86_64) compression from Velocity.
[19:58:50] [Server thread/INFO]: Paper: Using OpenSSL 1.1.x (Linux x86_64) cipher from Velocity.
[19:58:50] [Server thread/INFO]: Server permissions file permissions.yml is empty, ignoring it
[19:58:50] [Server thread/WARN]: **** SERVER IS RUNNING IN OFFLINE/INSECURE MODE!
[19:58:50] [Server thread/WARN]: The server will make no attempt to authenticate usernames. Beware.
[19:58:50] [Server thread/WARN]: While this makes the game possible to play without internet access, it also opens up the ability for hackers to connect with any username they choose.
[19:58:50] [Server thread/WARN]: To change this, set "online-mode" to "true" in the server.properties file.
[19:58:50] [Server thread/INFO]: Preparing level "world"
[19:58:50] [Server thread/INFO]: Preparing start region for dimension minecraft:overworld
[19:58:52] [Server thread/INFO]: Time elapsed: 1459 ms
[19:58:52] [Server thread/INFO]: Preparing start region for dimension minecraft:the_nether
[19:58:52] [Server thread/INFO]: Time elapsed: 215 ms
[19:58:52] [Server thread/INFO]: Preparing start region for dimension minecraft:the_end
[19:58:52] [Server thread/INFO]: Time elapsed: 110 ms
[19:58:52] [Server thread/INFO]: [spark] Starting background profiler...
[19:58:52] [Server thread/INFO]: Done preparing level "world" (2.638s)
[19:58:53] [Server thread/INFO]: Running delayed init tasks
[19:58:53] [Server thread/INFO]: Done (12.803s)! For help, type "help"
[19:58:53] [Server thread/INFO]: Timings Reset
